{"C:\\Users\\Dan\\coding\\idea-board\\src\\index.js": {"path":"C:\\Users\\Dan\\coding\\idea-board\\src\\index.js","statementMap":{"0":{"start":{"line":1,"column":32},"end":{"line":1,"column":83}},"1":{"start":{"line":1,"column":97},"end":{"line":1,"column":113}},"2":{"start":{"line":1,"column":128},"end":{"line":1,"column":158}},"3":{"start":{"line":2,"column":16},"end":{"line":2,"column":36}},"4":{"start":{"line":2,"column":54},"end":{"line":2,"column":87}},"5":{"start":{"line":3,"column":11},"end":{"line":3,"column":38}},"6":{"start":{"line":3,"column":51},"end":{"line":3,"column":79}},"7":{"start":{"line":4,"column":0},"end":{"line":4,"column":23}},"8":{"start":{"line":4,"column":61},"end":{"line":4,"column":115}},"9":{"start":{"line":6,"column":0},"end":{"line":6,"column":181}}},"fnMap":{"0":{"name":"_interopRequireDefault","decl":{"start":{"line":4,"column":32},"end":{"line":4,"column":54}},"loc":{"start":{"line":4,"column":60},"end":{"line":4,"column":116}},"line":4}},"branchMap":{"0":{"loc":{"start":{"line":4,"column":68},"end":{"line":4,"column":114}},"type":"cond-expr","locations":[{"start":{"line":4,"column":92},"end":{"line":4,"column":95}},{"start":{"line":4,"column":98},"end":{"line":4,"column":114}}],"line":4},"1":{"loc":{"start":{"line":4,"column":68},"end":{"line":4,"column":89}},"type":"binary-expr","locations":[{"start":{"line":4,"column":68},"end":{"line":4,"column":71}},{"start":{"line":4,"column":75},"end":{"line":4,"column":89}}],"line":4}},"s":{"0":0,"1":0,"2":0,"3":0,"4":0,"5":0,"6":0,"7":0,"8":0,"9":0},"f":{"0":0},"b":{"0":[0,0],"1":[0,0]}}
,"C:\\Users\\Dan\\coding\\idea-board\\src\\setupTests.js": {"path":"C:\\Users\\Dan\\coding\\idea-board\\src\\setupTests.js","statementMap":{"0":{"start":{"line":5,"column":0},"end":{"line":5,"column":38}}},"fnMap":{},"branchMap":{},"s":{"0":3},"f":{},"b":{},"_coverageSchema":"332fd63041d2c1bcb487cc26dd0d5f7d97098a6c","hash":"8861edeb93abaa9ad7655f5eab7bb7d217131170"}
,"C:\\Users\\Dan\\coding\\idea-board\\src\\components\\App\\index.js": {"path":"C:\\Users\\Dan\\coding\\idea-board\\src\\components\\App\\index.js","statementMap":{"0":{"start":{"line":20,"column":4},"end":{"line":20,"column":29}},"1":{"start":{"line":24,"column":21},"end":{"line":24,"column":50}},"2":{"start":{"line":25,"column":19},"end":{"line":25,"column":21}},"3":{"start":{"line":27,"column":4},"end":{"line":31,"column":5}},"4":{"start":{"line":28,"column":6},"end":{"line":28,"column":38}},"5":{"start":{"line":30,"column":6},"end":{"line":30,"column":30}},"6":{"start":{"line":33,"column":4},"end":{"line":33,"column":76}},"7":{"start":{"line":37,"column":22},"end":{"line":37,"column":32}},"8":{"start":{"line":39,"column":4},"end":{"line":43,"column":5}},"9":{"start":{"line":40,"column":6},"end":{"line":40,"column":59}},"10":{"start":{"line":42,"column":6},"end":{"line":42,"column":39}},"11":{"start":{"line":47,"column":24},"end":{"line":47,"column":66}},"12":{"start":{"line":47,"column":50},"end":{"line":47,"column":65}},"13":{"start":{"line":48,"column":4},"end":{"line":48,"column":72}},"14":{"start":{"line":52,"column":24},"end":{"line":53,"column":68}},"15":{"start":{"line":53,"column":22},"end":{"line":53,"column":67}},"16":{"start":{"line":54,"column":4},"end":{"line":54,"column":72}},"17":{"start":{"line":58,"column":22},"end":{"line":58,"column":32}},"18":{"start":{"line":59,"column":21},"end":{"line":59,"column":31}},"19":{"start":{"line":61,"column":4},"end":{"line":61,"column":60}},"20":{"start":{"line":62,"column":4},"end":{"line":62,"column":74}},"21":{"start":{"line":64,"column":4},"end":{"line":64,"column":69}},"22":{"start":{"line":68,"column":22},"end":{"line":68,"column":32}},"23":{"start":{"line":70,"column":25},"end":{"line":70,"column":67}},"24":{"start":{"line":70,"column":49},"end":{"line":70,"column":66}},"25":{"start":{"line":71,"column":4},"end":{"line":71,"column":73}},"26":{"start":{"line":75,"column":22},"end":{"line":75,"column":32}},"27":{"start":{"line":76,"column":23},"end":{"line":76,"column":28}},"28":{"start":{"line":78,"column":20},"end":{"line":83,"column":5}},"29":{"start":{"line":85,"column":22},"end":{"line":85,"column":41}},"30":{"start":{"line":86,"column":4},"end":{"line":86,"column":70}},"31":{"start":{"line":90,"column":22},"end":{"line":90,"column":32}},"32":{"start":{"line":92,"column":20},"end":{"line":98,"column":5}},"33":{"start":{"line":100,"column":4},"end":{"line":110,"column":6}},"34":{"start":{"line":104,"column":36},"end":{"line":104,"column":57}},"35":{"start":{"line":105,"column":35},"end":{"line":105,"column":55}}},"fnMap":{"0":{"name":"(anonymous_0)","decl":{"start":{"line":19,"column":2},"end":{"line":19,"column":3}},"loc":{"start":{"line":19,"column":22},"end":{"line":21,"column":3}},"line":19},"1":{"name":"(anonymous_1)","decl":{"start":{"line":23,"column":22},"end":{"line":23,"column":23}},"loc":{"start":{"line":23,"column":28},"end":{"line":34,"column":3}},"line":23},"2":{"name":"(anonymous_2)","decl":{"start":{"line":36,"column":28},"end":{"line":36,"column":29}},"loc":{"start":{"line":36,"column":34},"end":{"line":44,"column":3}},"line":36},"3":{"name":"(anonymous_3)","decl":{"start":{"line":46,"column":13},"end":{"line":46,"column":14}},"loc":{"start":{"line":46,"column":24},"end":{"line":49,"column":3}},"line":46},"4":{"name":"(anonymous_4)","decl":{"start":{"line":47,"column":40},"end":{"line":47,"column":41}},"loc":{"start":{"line":47,"column":50},"end":{"line":47,"column":65}},"line":47},"5":{"name":"(anonymous_5)","decl":{"start":{"line":51,"column":14},"end":{"line":51,"column":15}},"loc":{"start":{"line":51,"column":25},"end":{"line":55,"column":3}},"line":51},"6":{"name":"(anonymous_6)","decl":{"start":{"line":53,"column":12},"end":{"line":53,"column":13}},"loc":{"start":{"line":53,"column":22},"end":{"line":53,"column":67}},"line":53},"7":{"name":"(anonymous_7)","decl":{"start":{"line":57,"column":17},"end":{"line":57,"column":18}},"loc":{"start":{"line":57,"column":35},"end":{"line":65,"column":3}},"line":57},"8":{"name":"(anonymous_8)","decl":{"start":{"line":67,"column":15},"end":{"line":67,"column":16}},"loc":{"start":{"line":67,"column":23},"end":{"line":72,"column":3}},"line":67},"9":{"name":"(anonymous_9)","decl":{"start":{"line":70,"column":38},"end":{"line":70,"column":39}},"loc":{"start":{"line":70,"column":49},"end":{"line":70,"column":66}},"line":70},"10":{"name":"(anonymous_10)","decl":{"start":{"line":74,"column":12},"end":{"line":74,"column":13}},"loc":{"start":{"line":74,"column":18},"end":{"line":87,"column":3}},"line":74},"11":{"name":"(anonymous_11)","decl":{"start":{"line":89,"column":2},"end":{"line":89,"column":3}},"loc":{"start":{"line":89,"column":11},"end":{"line":111,"column":3}},"line":89},"12":{"name":"(anonymous_12)","decl":{"start":{"line":104,"column":30},"end":{"line":104,"column":31}},"loc":{"start":{"line":104,"column":36},"end":{"line":104,"column":57}},"line":104},"13":{"name":"(anonymous_13)","decl":{"start":{"line":105,"column":29},"end":{"line":105,"column":30}},"loc":{"start":{"line":105,"column":35},"end":{"line":105,"column":55}},"line":105}},"branchMap":{"0":{"loc":{"start":{"line":27,"column":4},"end":{"line":31,"column":5}},"type":"if","locations":[{"start":{"line":27,"column":4},"end":{"line":31,"column":5}},{"start":{"line":27,"column":4},"end":{"line":31,"column":5}}],"line":27},"1":{"loc":{"start":{"line":39,"column":4},"end":{"line":43,"column":5}},"type":"if","locations":[{"start":{"line":39,"column":4},"end":{"line":43,"column":5}},{"start":{"line":39,"column":4},"end":{"line":43,"column":5}}],"line":39},"2":{"loc":{"start":{"line":92,"column":20},"end":{"line":98,"column":5}},"type":"binary-expr","locations":[{"start":{"line":92,"column":20},"end":{"line":92,"column":36}},{"start":{"line":93,"column":6},"end":{"line":97,"column":8}}],"line":92}},"s":{"0":1,"1":1,"2":1,"3":1,"4":0,"5":1,"6":1,"7":1,"8":1,"9":1,"10":0,"11":0,"12":0,"13":0,"14":0,"15":0,"16":0,"17":0,"18":0,"19":0,"20":0,"21":0,"22":0,"23":0,"24":0,"25":0,"26":0,"27":0,"28":0,"29":0,"30":0,"31":2,"32":2,"33":2,"34":0,"35":0},"f":{"0":1,"1":1,"2":1,"3":0,"4":0,"5":0,"6":0,"7":0,"8":0,"9":0,"10":0,"11":2,"12":0,"13":0},"b":{"0":[0,1],"1":[1,0],"2":[2,1]},"_coverageSchema":"332fd63041d2c1bcb487cc26dd0d5f7d97098a6c","hash":"d0eab0bebffee3087f479bb07a8dec9d9a55b5d0"}
,"C:\\Users\\Dan\\coding\\idea-board\\src\\components\\App\\initialState.js": {"path":"C:\\Users\\Dan\\coding\\idea-board\\src\\components\\App\\initialState.js","statementMap":{},"fnMap":{},"branchMap":{},"s":{},"f":{},"b":{},"_coverageSchema":"332fd63041d2c1bcb487cc26dd0d5f7d97098a6c","hash":"6d68d756cca68dce0e544a728dd4932fdf570b2e"}
,"C:\\Users\\Dan\\coding\\idea-board\\src\\components\\App\\styles.js": {"path":"C:\\Users\\Dan\\coding\\idea-board\\src\\components\\App\\styles.js","statementMap":{"0":{"start":{"line":3,"column":26},"end":{"line":8,"column":1}},"1":{"start":{"line":10,"column":21},"end":{"line":14,"column":1}},"2":{"start":{"line":16,"column":23},"end":{"line":24,"column":1}},"3":{"start":{"line":26,"column":23},"end":{"line":31,"column":1}},"4":{"start":{"line":33,"column":25},"end":{"line":40,"column":1}},"5":{"start":{"line":42,"column":24},"end":{"line":49,"column":1}}},"fnMap":{},"branchMap":{},"s":{"0":1,"1":1,"2":1,"3":1,"4":1,"5":1},"f":{},"b":{},"_coverageSchema":"332fd63041d2c1bcb487cc26dd0d5f7d97098a6c","hash":"e7a33bd0fe869af98a96b2019158a8a0c5bfb9c8"}
,"C:\\Users\\Dan\\coding\\idea-board\\src\\components\\Board\\index.js": {"path":"C:\\Users\\Dan\\coding\\idea-board\\src\\components\\Board\\index.js","statementMap":{"0":{"start":{"line":18,"column":2},"end":{"line":29,"column":4}},"1":{"start":{"line":21,"column":8},"end":{"line":26,"column":10}},"2":{"start":{"line":24,"column":28},"end":{"line":24,"column":47}},"3":{"start":{"line":25,"column":33},"end":{"line":25,"column":59}},"4":{"start":{"line":32,"column":0},"end":{"line":43,"column":2}},"5":{"start":{"line":45,"column":0},"end":{"line":47,"column":2}}},"fnMap":{"0":{"name":"Board","decl":{"start":{"line":13,"column":24},"end":{"line":13,"column":29}},"loc":{"start":{"line":17,"column":3},"end":{"line":30,"column":1}},"line":17},"1":{"name":"(anonymous_1)","decl":{"start":{"line":20,"column":17},"end":{"line":20,"column":18}},"loc":{"start":{"line":21,"column":8},"end":{"line":26,"column":10}},"line":21},"2":{"name":"(anonymous_2)","decl":{"start":{"line":24,"column":22},"end":{"line":24,"column":23}},"loc":{"start":{"line":24,"column":28},"end":{"line":24,"column":47}},"line":24},"3":{"name":"(anonymous_3)","decl":{"start":{"line":25,"column":24},"end":{"line":25,"column":25}},"loc":{"start":{"line":25,"column":33},"end":{"line":25,"column":59}},"line":25}},"branchMap":{},"s":{"0":6,"1":19,"2":1,"3":0,"4":2,"5":2},"f":{"0":6,"1":19,"2":1,"3":0},"b":{},"_coverageSchema":"332fd63041d2c1bcb487cc26dd0d5f7d97098a6c","hash":"1ccdbcba0ac8f61b24ae6db4e499b947fe7079fb"}
,"C:\\Users\\Dan\\coding\\idea-board\\src\\components\\Board\\styles.js": {"path":"C:\\Users\\Dan\\coding\\idea-board\\src\\components\\Board\\styles.js","statementMap":{"0":{"start":{"line":3,"column":28},"end":{"line":13,"column":1}}},"fnMap":{},"branchMap":{},"s":{"0":2},"f":{},"b":{},"_coverageSchema":"332fd63041d2c1bcb487cc26dd0d5f7d97098a6c","hash":"2a8a6294fb04ef13f7455b70c39c0e2c418e5e55"}
,"C:\\Users\\Dan\\coding\\idea-board\\src\\components\\Tile\\index.js": {"path":"C:\\Users\\Dan\\coding\\idea-board\\src\\components\\Tile\\index.js","statementMap":{"0":{"start":{"line":26,"column":2},"end":{"line":55,"column":4}},"1":{"start":{"line":31,"column":29},"end":{"line":31,"column":48}},"2":{"start":{"line":40,"column":27},"end":{"line":40,"column":46}},"3":{"start":{"line":58,"column":0},"end":{"line":65,"column":2}},"4":{"start":{"line":67,"column":0},"end":{"line":71,"column":2}}},"fnMap":{"0":{"name":"Tile","decl":{"start":{"line":18,"column":24},"end":{"line":18,"column":28}},"loc":{"start":{"line":25,"column":3},"end":{"line":56,"column":1}},"line":25},"1":{"name":"(anonymous_1)","decl":{"start":{"line":31,"column":20},"end":{"line":31,"column":21}},"loc":{"start":{"line":31,"column":29},"end":{"line":31,"column":48}},"line":31},"2":{"name":"(anonymous_2)","decl":{"start":{"line":40,"column":18},"end":{"line":40,"column":19}},"loc":{"start":{"line":40,"column":27},"end":{"line":40,"column":46}},"line":40}},"branchMap":{"0":{"loc":{"start":{"line":48,"column":11},"end":{"line":48,"column":42}},"type":"cond-expr","locations":[{"start":{"line":48,"column":21},"end":{"line":48,"column":30}},{"start":{"line":48,"column":33},"end":{"line":48,"column":42}}],"line":48},"1":{"loc":{"start":{"line":48,"column":48},"end":{"line":48,"column":63}},"type":"binary-expr","locations":[{"start":{"line":48,"column":48},"end":{"line":48,"column":55}},{"start":{"line":48,"column":59},"end":{"line":48,"column":63}}],"line":48},"2":{"loc":{"start":{"line":51,"column":9},"end":{"line":52,"column":90}},"type":"binary-expr","locations":[{"start":{"line":51,"column":9},"end":{"line":51,"column":33}},{"start":{"line":52,"column":13},"end":{"line":52,"column":90}}],"line":51}},"s":{"0":10,"1":1,"2":1,"3":3,"4":3},"f":{"0":10,"1":1,"2":1},"b":{"0":[1,9],"1":[10,9],"2":[10,1]},"_coverageSchema":"332fd63041d2c1bcb487cc26dd0d5f7d97098a6c","hash":"e7d9c2322597077d7385468bdf0e2440f8ea842e"}
,"C:\\Users\\Dan\\coding\\idea-board\\src\\components\\Tile\\styles.js": {"path":"C:\\Users\\Dan\\coding\\idea-board\\src\\components\\Tile\\styles.js","statementMap":{"0":{"start":{"line":3,"column":27},"end":{"line":12,"column":1}},"1":{"start":{"line":14,"column":26},"end":{"line":18,"column":1}},"2":{"start":{"line":20,"column":26},"end":{"line":31,"column":1}},"3":{"start":{"line":33,"column":26},"end":{"line":40,"column":1}},"4":{"start":{"line":42,"column":31},"end":{"line":47,"column":1}},"5":{"start":{"line":49,"column":25},"end":{"line":52,"column":1}},"6":{"start":{"line":54,"column":25},"end":{"line":58,"column":1}},"7":{"start":{"line":60,"column":30},"end":{"line":64,"column":1}}},"fnMap":{},"branchMap":{},"s":{"0":3,"1":3,"2":3,"3":3,"4":3,"5":3,"6":3,"7":3},"f":{},"b":{},"_coverageSchema":"332fd63041d2c1bcb487cc26dd0d5f7d97098a6c","hash":"cbbe4931589844a492dc66adec74f9132f61c1cb"}
}
