TN:
SF:C:\Users\Dan\coding\idea-board\src\index.js
FN:4,_interopRequireDefault
FNF:1
FNH:0
FNDA:0,_interopRequireDefault
DA:1,0
DA:2,0
DA:3,0
DA:4,0
DA:6,0
LF:5
LH:0
BRDA:4,0,0,0
BRDA:4,0,1,0
BRDA:4,1,0,0
BRDA:4,1,1,0
BRF:4
BRH:0
end_of_record
TN:
SF:C:\Users\Dan\coding\idea-board\src\setupTests.js
FNF:0
FNH:0
DA:5,3
LF:1
LH:1
BRF:0
BRH:0
end_of_record
TN:
SF:C:\Users\Dan\coding\idea-board\src\components\App\index.js
FN:19,(anonymous_0)
FN:23,(anonymous_1)
FN:36,(anonymous_2)
FN:46,(anonymous_3)
FN:47,(anonymous_4)
FN:51,(anonymous_5)
FN:53,(anonymous_6)
FN:57,(anonymous_7)
FN:67,(anonymous_8)
FN:70,(anonymous_9)
FN:74,(anonymous_10)
FN:89,(anonymous_11)
FN:104,(anonymous_12)
FN:105,(anonymous_13)
FNF:14
FNH:4
FNDA:1,(anonymous_0)
FNDA:1,(anonymous_1)
FNDA:1,(anonymous_2)
FNDA:0,(anonymous_3)
FNDA:0,(anonymous_4)
FNDA:0,(anonymous_5)
FNDA:0,(anonymous_6)
FNDA:0,(anonymous_7)
FNDA:0,(anonymous_8)
FNDA:0,(anonymous_9)
FNDA:0,(anonymous_10)
FNDA:2,(anonymous_11)
FNDA:0,(anonymous_12)
FNDA:0,(anonymous_13)
DA:20,1
DA:24,1
DA:25,1
DA:27,1
DA:28,0
DA:30,1
DA:33,1
DA:37,1
DA:39,1
DA:40,1
DA:42,0
DA:47,0
DA:48,0
DA:52,0
DA:53,0
DA:54,0
DA:58,0
DA:59,0
DA:61,0
DA:62,0
DA:64,0
DA:68,0
DA:70,0
DA:71,0
DA:75,0
DA:76,0
DA:78,0
DA:85,0
DA:86,0
DA:90,2
DA:92,2
DA:100,2
DA:104,0
DA:105,0
LF:34
LH:12
BRDA:27,0,0,0
BRDA:27,0,1,1
BRDA:39,1,0,1
BRDA:39,1,1,0
BRDA:92,2,0,2
BRDA:92,2,1,1
BRF:6
BRH:4
end_of_record
TN:
SF:C:\Users\Dan\coding\idea-board\src\components\App\initialState.js
FNF:0
FNH:0
LF:0
LH:0
BRF:0
BRH:0
end_of_record
TN:
SF:C:\Users\Dan\coding\idea-board\src\components\App\styles.js
FNF:0
FNH:0
DA:3,1
DA:10,1
DA:16,1
DA:26,1
DA:33,1
DA:42,1
LF:6
LH:6
BRF:0
BRH:0
end_of_record
TN:
SF:C:\Users\Dan\coding\idea-board\src\components\Board\index.js
FN:13,Board
FN:20,(anonymous_1)
FN:24,(anonymous_2)
FN:25,(anonymous_3)
FNF:4
FNH:3
FNDA:6,Board
FNDA:19,(anonymous_1)
FNDA:1,(anonymous_2)
FNDA:0,(anonymous_3)
DA:18,6
DA:21,19
DA:24,1
DA:25,0
DA:32,2
DA:45,2
LF:6
LH:5
BRF:0
BRH:0
end_of_record
TN:
SF:C:\Users\Dan\coding\idea-board\src\components\Board\styles.js
FNF:0
FNH:0
DA:3,2
LF:1
LH:1
BRF:0
BRH:0
end_of_record
TN:
SF:C:\Users\Dan\coding\idea-board\src\components\Tile\index.js
FN:18,Tile
FN:31,(anonymous_1)
FN:40,(anonymous_2)
FNF:3
FNH:3
FNDA:10,Tile
FNDA:1,(anonymous_1)
FNDA:1,(anonymous_2)
DA:26,10
DA:31,1
DA:40,1
DA:58,3
DA:67,3
LF:5
LH:5
BRDA:48,0,0,1
BRDA:48,0,1,9
BRDA:48,1,0,10
BRDA:48,1,1,9
BRDA:51,2,0,10
BRDA:51,2,1,1
BRF:6
BRH:6
end_of_record
TN:
SF:C:\Users\Dan\coding\idea-board\src\components\Tile\styles.js
FNF:0
FNH:0
DA:3,3
DA:14,3
DA:20,3
DA:33,3
DA:42,3
DA:49,3
DA:54,3
DA:60,3
LF:8
LH:8
BRF:0
BRH:0
end_of_record
